2018-02-05 22:36:08,699 1      [ Session Task-1] ERROR tivemq.ActiveMQMessageConsumer  - ID:CB-PC-58755-1517841353117-1:1:1:1 Exception while processing message: ID:CB-PC-58760-1517841368514-1:1:1:1:1
java.lang.ArithmeticException: / by zero
	at cn.MQ.test.QueueTest$2.onMessage(QueueTest.java:137)
	at org.apache.activemq.ActiveMQMessageConsumer.dispatch(ActiveMQMessageConsumer.java:1394)
	at org.apache.activemq.ActiveMQSessionExecutor.dispatch(ActiveMQSessionExecutor.java:131)
	at org.apache.activemq.ActiveMQSessionExecutor.iterate(ActiveMQSessionExecutor.java:202)
	at org.apache.activemq.thread.PooledTaskRunner.runTask(PooledTaskRunner.java:133)
	at org.apache.activemq.thread.PooledTaskRunner$1.run(PooledTaskRunner.java:48)
	at java.util.concurrent.ThreadPoolExecutor.runWorker(ThreadPoolExecutor.java:1145)
	at java.util.concurrent.ThreadPoolExecutor$Worker.run(ThreadPoolExecutor.java:615)
	at java.lang.Thread.run(Thread.java:745)
2018-02-05 22:38:18,320 1      [ Session Task-1] ERROR tivemq.ActiveMQMessageConsumer  - ID:CB-PC-58769-1517841498147-1:1:1:1 Exception while processing message: ID:CB-PC-58760-1517841368514-1:1:1:1:1
java.lang.ArithmeticException: / by zero
	at cn.MQ.test.QueueTest$2.onMessage(QueueTest.java:137)
	at org.apache.activemq.ActiveMQMessageConsumer.dispatch(ActiveMQMessageConsumer.java:1394)
	at org.apache.activemq.ActiveMQSessionExecutor.dispatch(ActiveMQSessionExecutor.java:131)
	at org.apache.activemq.ActiveMQSessionExecutor.iterate(ActiveMQSessionExecutor.java:202)
	at org.apache.activemq.thread.PooledTaskRunner.runTask(PooledTaskRunner.java:133)
	at org.apache.activemq.thread.PooledTaskRunner$1.run(PooledTaskRunner.java:48)
	at java.util.concurrent.ThreadPoolExecutor.runWorker(ThreadPoolExecutor.java:1145)
	at java.util.concurrent.ThreadPoolExecutor$Worker.run(ThreadPoolExecutor.java:615)
	at java.lang.Thread.run(Thread.java:745)
2018-02-05 22:38:44,315 0      [ Session Task-1] ERROR tivemq.ActiveMQMessageConsumer  - ID:CB-PC-58773-1517841524136-1:1:1:1 Exception while processing message: ID:CB-PC-58760-1517841368514-1:1:1:1:1
java.lang.ArithmeticException: / by zero
	at cn.MQ.test.QueueTest$2.onMessage(QueueTest.java:137)
	at org.apache.activemq.ActiveMQMessageConsumer.dispatch(ActiveMQMessageConsumer.java:1394)
	at org.apache.activemq.ActiveMQSessionExecutor.dispatch(ActiveMQSessionExecutor.java:131)
	at org.apache.activemq.ActiveMQSessionExecutor.iterate(ActiveMQSessionExecutor.java:202)
	at org.apache.activemq.thread.PooledTaskRunner.runTask(PooledTaskRunner.java:133)
	at org.apache.activemq.thread.PooledTaskRunner$1.run(PooledTaskRunner.java:48)
	at java.util.concurrent.ThreadPoolExecutor.runWorker(ThreadPoolExecutor.java:1145)
	at java.util.concurrent.ThreadPoolExecutor$Worker.run(ThreadPoolExecutor.java:615)
	at java.lang.Thread.run(Thread.java:745)
2018-02-05 22:41:27,702 1      [ Session Task-1] ERROR tivemq.ActiveMQMessageConsumer  - ID:CB-PC-58786-1517841687502-1:1:1:1 Exception while processing message: ID:CB-PC-58760-1517841368514-1:1:1:1:1
java.lang.ArithmeticException: / by zero
	at cn.MQ.test.QueueTest$2.onMessage(QueueTest.java:139)
	at org.apache.activemq.ActiveMQMessageConsumer.dispatch(ActiveMQMessageConsumer.java:1394)
	at org.apache.activemq.ActiveMQSessionExecutor.dispatch(ActiveMQSessionExecutor.java:131)
	at org.apache.activemq.ActiveMQSessionExecutor.iterate(ActiveMQSessionExecutor.java:202)
	at org.apache.activemq.thread.PooledTaskRunner.runTask(PooledTaskRunner.java:133)
	at org.apache.activemq.thread.PooledTaskRunner$1.run(PooledTaskRunner.java:48)
	at java.util.concurrent.ThreadPoolExecutor.runWorker(ThreadPoolExecutor.java:1145)
	at java.util.concurrent.ThreadPoolExecutor$Worker.run(ThreadPoolExecutor.java:615)
	at java.lang.Thread.run(Thread.java:745)
2018-02-05 22:45:44,208 1      [ Session Task-1] ERROR tivemq.ActiveMQMessageConsumer  - ID:CB-PC-58798-1517841944020-1:1:1:1 Exception while processing message: ID:CB-PC-58760-1517841368514-1:1:1:1:1
java.lang.ArithmeticException: / by zero
	at cn.MQ.test.QueueTest$2.onMessage(QueueTest.java:139)
	at org.apache.activemq.ActiveMQMessageConsumer.dispatch(ActiveMQMessageConsumer.java:1394)
	at org.apache.activemq.ActiveMQSessionExecutor.dispatch(ActiveMQSessionExecutor.java:131)
	at org.apache.activemq.ActiveMQSessionExecutor.iterate(ActiveMQSessionExecutor.java:202)
	at org.apache.activemq.thread.PooledTaskRunner.runTask(PooledTaskRunner.java:133)
	at org.apache.activemq.thread.PooledTaskRunner$1.run(PooledTaskRunner.java:48)
	at java.util.concurrent.ThreadPoolExecutor.runWorker(ThreadPoolExecutor.java:1145)
	at java.util.concurrent.ThreadPoolExecutor$Worker.run(ThreadPoolExecutor.java:615)
	at java.lang.Thread.run(Thread.java:745)
2018-02-05 22:46:03,853 19646  [ Session Task-1] ERROR tivemq.ActiveMQMessageConsumer  - ID:CB-PC-58798-1517841944020-1:1:1:1 Exception while processing message: ID:CB-PC-58804-1517841963678-1:1:1:1:1
java.lang.ArithmeticException: / by zero
	at cn.MQ.test.QueueTest$2.onMessage(QueueTest.java:139)
	at org.apache.activemq.ActiveMQMessageConsumer.dispatch(ActiveMQMessageConsumer.java:1394)
	at org.apache.activemq.ActiveMQSessionExecutor.dispatch(ActiveMQSessionExecutor.java:131)
	at org.apache.activemq.ActiveMQSessionExecutor.iterate(ActiveMQSessionExecutor.java:202)
	at org.apache.activemq.thread.PooledTaskRunner.runTask(PooledTaskRunner.java:133)
	at org.apache.activemq.thread.PooledTaskRunner$1.run(PooledTaskRunner.java:48)
	at java.util.concurrent.ThreadPoolExecutor.runWorker(ThreadPoolExecutor.java:1145)
	at java.util.concurrent.ThreadPoolExecutor$Worker.run(ThreadPoolExecutor.java:615)
	at java.lang.Thread.run(Thread.java:745)
2018-02-05 22:47:09,764 0      [ Session Task-1] ERROR tivemq.ActiveMQMessageConsumer  - ID:CB-PC-58817-1517842029589-1:1:1:1 Exception while processing message: ID:CB-PC-58760-1517841368514-1:1:1:1:1
java.lang.ArithmeticException: / by zero
	at cn.MQ.test.QueueTest$2.onMessage(QueueTest.java:139)
	at org.apache.activemq.ActiveMQMessageConsumer.dispatch(ActiveMQMessageConsumer.java:1394)
	at org.apache.activemq.ActiveMQSessionExecutor.dispatch(ActiveMQSessionExecutor.java:131)
	at org.apache.activemq.ActiveMQSessionExecutor.iterate(ActiveMQSessionExecutor.java:202)
	at org.apache.activemq.thread.PooledTaskRunner.runTask(PooledTaskRunner.java:133)
	at org.apache.activemq.thread.PooledTaskRunner$1.run(PooledTaskRunner.java:48)
	at java.util.concurrent.ThreadPoolExecutor.runWorker(ThreadPoolExecutor.java:1145)
	at java.util.concurrent.ThreadPoolExecutor$Worker.run(ThreadPoolExecutor.java:615)
	at java.lang.Thread.run(Thread.java:745)
2018-02-05 22:47:09,769 5      [ Session Task-1] ERROR tivemq.ActiveMQMessageConsumer  - ID:CB-PC-58817-1517842029589-1:1:1:1 Exception while processing message: ID:CB-PC-58804-1517841963678-1:1:1:1:1
java.lang.ArithmeticException: / by zero
	at cn.MQ.test.QueueTest$2.onMessage(QueueTest.java:139)
	at org.apache.activemq.ActiveMQMessageConsumer.dispatch(ActiveMQMessageConsumer.java:1394)
	at org.apache.activemq.ActiveMQSessionExecutor.dispatch(ActiveMQSessionExecutor.java:131)
	at org.apache.activemq.ActiveMQSessionExecutor.iterate(ActiveMQSessionExecutor.java:202)
	at org.apache.activemq.thread.PooledTaskRunner.runTask(PooledTaskRunner.java:133)
	at org.apache.activemq.thread.PooledTaskRunner$1.run(PooledTaskRunner.java:48)
	at java.util.concurrent.ThreadPoolExecutor.runWorker(ThreadPoolExecutor.java:1145)
	at java.util.concurrent.ThreadPoolExecutor$Worker.run(ThreadPoolExecutor.java:615)
	at java.lang.Thread.run(Thread.java:745)
2018-02-05 22:47:48,924 1      [ Session Task-1] ERROR tivemq.ActiveMQMessageConsumer  - ID:CB-PC-58821-1517842068747-1:1:1:1 Exception while processing message: ID:CB-PC-58760-1517841368514-1:1:1:1:1
java.lang.ArithmeticException: / by zero
	at cn.MQ.test.QueueTest$2.onMessage(QueueTest.java:139)
	at org.apache.activemq.ActiveMQMessageConsumer.dispatch(ActiveMQMessageConsumer.java:1394)
	at org.apache.activemq.ActiveMQSessionExecutor.dispatch(ActiveMQSessionExecutor.java:131)
	at org.apache.activemq.ActiveMQSessionExecutor.iterate(ActiveMQSessionExecutor.java:202)
	at org.apache.activemq.thread.PooledTaskRunner.runTask(PooledTaskRunner.java:133)
	at org.apache.activemq.thread.PooledTaskRunner$1.run(PooledTaskRunner.java:48)
	at java.util.concurrent.ThreadPoolExecutor.runWorker(ThreadPoolExecutor.java:1145)
	at java.util.concurrent.ThreadPoolExecutor$Worker.run(ThreadPoolExecutor.java:615)
	at java.lang.Thread.run(Thread.java:745)
2018-02-05 22:47:48,928 5      [ Session Task-1] ERROR tivemq.ActiveMQMessageConsumer  - ID:CB-PC-58821-1517842068747-1:1:1:1 Exception while processing message: ID:CB-PC-58804-1517841963678-1:1:1:1:1
java.lang.ArithmeticException: / by zero
	at cn.MQ.test.QueueTest$2.onMessage(QueueTest.java:139)
	at org.apache.activemq.ActiveMQMessageConsumer.dispatch(ActiveMQMessageConsumer.java:1394)
	at org.apache.activemq.ActiveMQSessionExecutor.dispatch(ActiveMQSessionExecutor.java:131)
	at org.apache.activemq.ActiveMQSessionExecutor.iterate(ActiveMQSessionExecutor.java:202)
	at org.apache.activemq.thread.PooledTaskRunner.runTask(PooledTaskRunner.java:133)
	at org.apache.activemq.thread.PooledTaskRunner$1.run(PooledTaskRunner.java:48)
	at java.util.concurrent.ThreadPoolExecutor.runWorker(ThreadPoolExecutor.java:1145)
	at java.util.concurrent.ThreadPoolExecutor$Worker.run(ThreadPoolExecutor.java:615)
	at java.lang.Thread.run(Thread.java:745)
2018-02-05 22:48:57,806 68883  [ Session Task-2] ERROR tivemq.ActiveMQMessageConsumer  - ID:CB-PC-58821-1517842068747-1:1:1:1 Exception while processing message: ID:CB-PC-58832-1517842137647-1:1:1:1:1
java.lang.ArithmeticException: / by zero
	at cn.MQ.test.QueueTest$2.onMessage(QueueTest.java:139)
	at org.apache.activemq.ActiveMQMessageConsumer.dispatch(ActiveMQMessageConsumer.java:1394)
	at org.apache.activemq.ActiveMQSessionExecutor.dispatch(ActiveMQSessionExecutor.java:131)
	at org.apache.activemq.ActiveMQSessionExecutor.iterate(ActiveMQSessionExecutor.java:202)
	at org.apache.activemq.thread.PooledTaskRunner.runTask(PooledTaskRunner.java:133)
	at org.apache.activemq.thread.PooledTaskRunner$1.run(PooledTaskRunner.java:48)
	at java.util.concurrent.ThreadPoolExecutor.runWorker(ThreadPoolExecutor.java:1145)
	at java.util.concurrent.ThreadPoolExecutor$Worker.run(ThreadPoolExecutor.java:615)
	at java.lang.Thread.run(Thread.java:745)
2018-02-05 22:49:34,996 106073 [ Session Task-3] ERROR tivemq.ActiveMQMessageConsumer  - ID:CB-PC-58821-1517842068747-1:1:1:1 Exception while processing message: ID:CB-PC-58836-1517842174821-1:1:1:1:1
java.lang.ArithmeticException: / by zero
	at cn.MQ.test.QueueTest$2.onMessage(QueueTest.java:139)
	at org.apache.activemq.ActiveMQMessageConsumer.dispatch(ActiveMQMessageConsumer.java:1394)
	at org.apache.activemq.ActiveMQSessionExecutor.dispatch(ActiveMQSessionExecutor.java:131)
	at org.apache.activemq.ActiveMQSessionExecutor.iterate(ActiveMQSessionExecutor.java:202)
	at org.apache.activemq.thread.PooledTaskRunner.runTask(PooledTaskRunner.java:133)
	at org.apache.activemq.thread.PooledTaskRunner$1.run(PooledTaskRunner.java:48)
	at java.util.concurrent.ThreadPoolExecutor.runWorker(ThreadPoolExecutor.java:1145)
	at java.util.concurrent.ThreadPoolExecutor$Worker.run(ThreadPoolExecutor.java:615)
	at java.lang.Thread.run(Thread.java:745)
2018-02-05 22:50:19,182 1      [ Session Task-2] ERROR tivemq.ActiveMQMessageConsumer  - ID:CB-PC-58842-1517842219011-1:1:1:1 Exception while processing message: ID:CB-PC-58760-1517841368514-1:1:1:1:1
java.lang.ArithmeticException: / by zero
	at cn.MQ.test.QueueTest$2.onMessage(QueueTest.java:139)
	at org.apache.activemq.ActiveMQMessageConsumer.dispatch(ActiveMQMessageConsumer.java:1394)
	at org.apache.activemq.ActiveMQSessionExecutor.dispatch(ActiveMQSessionExecutor.java:131)
	at org.apache.activemq.ActiveMQSessionExecutor.iterate(ActiveMQSessionExecutor.java:202)
	at org.apache.activemq.thread.PooledTaskRunner.runTask(PooledTaskRunner.java:133)
	at org.apache.activemq.thread.PooledTaskRunner$1.run(PooledTaskRunner.java:48)
	at java.util.concurrent.ThreadPoolExecutor.runWorker(ThreadPoolExecutor.java:1145)
	at java.util.concurrent.ThreadPoolExecutor$Worker.run(ThreadPoolExecutor.java:615)
	at java.lang.Thread.run(Thread.java:745)
2018-02-05 22:50:19,186 5      [ Session Task-2] ERROR tivemq.ActiveMQMessageConsumer  - ID:CB-PC-58842-1517842219011-1:1:1:1 Exception while processing message: ID:CB-PC-58804-1517841963678-1:1:1:1:1
java.lang.ArithmeticException: / by zero
	at cn.MQ.test.QueueTest$2.onMessage(QueueTest.java:139)
	at org.apache.activemq.ActiveMQMessageConsumer.dispatch(ActiveMQMessageConsumer.java:1394)
	at org.apache.activemq.ActiveMQSessionExecutor.dispatch(ActiveMQSessionExecutor.java:131)
	at org.apache.activemq.ActiveMQSessionExecutor.iterate(ActiveMQSessionExecutor.java:202)
	at org.apache.activemq.thread.PooledTaskRunner.runTask(PooledTaskRunner.java:133)
	at org.apache.activemq.thread.PooledTaskRunner$1.run(PooledTaskRunner.java:48)
	at java.util.concurrent.ThreadPoolExecutor.runWorker(ThreadPoolExecutor.java:1145)
	at java.util.concurrent.ThreadPoolExecutor$Worker.run(ThreadPoolExecutor.java:615)
	at java.lang.Thread.run(Thread.java:745)
2018-02-05 22:50:19,186 5      [ Session Task-2] ERROR tivemq.ActiveMQMessageConsumer  - ID:CB-PC-58842-1517842219011-1:1:1:1 Exception while processing message: ID:CB-PC-58832-1517842137647-1:1:1:1:1
java.lang.ArithmeticException: / by zero
	at cn.MQ.test.QueueTest$2.onMessage(QueueTest.java:139)
	at org.apache.activemq.ActiveMQMessageConsumer.dispatch(ActiveMQMessageConsumer.java:1394)
	at org.apache.activemq.ActiveMQSessionExecutor.dispatch(ActiveMQSessionExecutor.java:131)
	at org.apache.activemq.ActiveMQSessionExecutor.iterate(ActiveMQSessionExecutor.java:202)
	at org.apache.activemq.thread.PooledTaskRunner.runTask(PooledTaskRunner.java:133)
	at org.apache.activemq.thread.PooledTaskRunner$1.run(PooledTaskRunner.java:48)
	at java.util.concurrent.ThreadPoolExecutor.runWorker(ThreadPoolExecutor.java:1145)
	at java.util.concurrent.ThreadPoolExecutor$Worker.run(ThreadPoolExecutor.java:615)
	at java.lang.Thread.run(Thread.java:745)
2018-02-05 22:50:19,187 6      [ Session Task-2] ERROR tivemq.ActiveMQMessageConsumer  - ID:CB-PC-58842-1517842219011-1:1:1:1 Exception while processing message: ID:CB-PC-58836-1517842174821-1:1:1:1:1
java.lang.ArithmeticException: / by zero
	at cn.MQ.test.QueueTest$2.onMessage(QueueTest.java:139)
	at org.apache.activemq.ActiveMQMessageConsumer.dispatch(ActiveMQMessageConsumer.java:1394)
	at org.apache.activemq.ActiveMQSessionExecutor.dispatch(ActiveMQSessionExecutor.java:131)
	at org.apache.activemq.ActiveMQSessionExecutor.iterate(ActiveMQSessionExecutor.java:202)
	at org.apache.activemq.thread.PooledTaskRunner.runTask(PooledTaskRunner.java:133)
	at org.apache.activemq.thread.PooledTaskRunner$1.run(PooledTaskRunner.java:48)
	at java.util.concurrent.ThreadPoolExecutor.runWorker(ThreadPoolExecutor.java:1145)
	at java.util.concurrent.ThreadPoolExecutor$Worker.run(ThreadPoolExecutor.java:615)
	at java.lang.Thread.run(Thread.java:745)
2018-02-05 22:53:47,312 0      [ Session Task-1] ERROR tivemq.ActiveMQMessageConsumer  - ID:CB-PC-58880-1517842402641-1:1:1:1 Exception while processing message: ID:CB-PC-58885-1517842427142-1:1:1:1:1
java.lang.ArithmeticException: / by zero
	at cn.MQ.test.QueueTest$2.onMessage(QueueTest.java:139)
	at org.apache.activemq.ActiveMQMessageConsumer.dispatch(ActiveMQMessageConsumer.java:1394)
	at org.apache.activemq.ActiveMQSessionExecutor.dispatch(ActiveMQSessionExecutor.java:131)
	at org.apache.activemq.ActiveMQSessionExecutor.iterate(ActiveMQSessionExecutor.java:202)
	at org.apache.activemq.thread.PooledTaskRunner.runTask(PooledTaskRunner.java:133)
	at org.apache.activemq.thread.PooledTaskRunner$1.run(PooledTaskRunner.java:48)
	at java.util.concurrent.ThreadPoolExecutor.runWorker(ThreadPoolExecutor.java:1145)
	at java.util.concurrent.ThreadPoolExecutor$Worker.run(ThreadPoolExecutor.java:615)
	at java.lang.Thread.run(Thread.java:745)
2018-02-05 23:00:23,894 1      [ Session Task-1] ERROR tivemq.ActiveMQMessageConsumer  - ID:CB-PC-58908-1517842809319-1:1:1:1 Exception while processing message: ID:CB-PC-58912-1517842823722-1:1:1:1:1
java.lang.ArithmeticException: / by zero
	at cn.MQ.test.QueueTest$2.onMessage(QueueTest.java:138)
	at org.apache.activemq.ActiveMQMessageConsumer.dispatch(ActiveMQMessageConsumer.java:1394)
	at org.apache.activemq.ActiveMQSessionExecutor.dispatch(ActiveMQSessionExecutor.java:131)
	at org.apache.activemq.ActiveMQSessionExecutor.iterate(ActiveMQSessionExecutor.java:202)
	at org.apache.activemq.thread.PooledTaskRunner.runTask(PooledTaskRunner.java:133)
	at org.apache.activemq.thread.PooledTaskRunner$1.run(PooledTaskRunner.java:48)
	at java.util.concurrent.ThreadPoolExecutor.runWorker(ThreadPoolExecutor.java:1145)
	at java.util.concurrent.ThreadPoolExecutor$Worker.run(ThreadPoolExecutor.java:615)
	at java.lang.Thread.run(Thread.java:745)
2018-02-05 23:03:09,519 1      [ Session Task-1] ERROR tivemq.ActiveMQMessageConsumer  - ID:CB-PC-58935-1517842979466-1:1:1:1 Exception while processing message: ID:CB-PC-58939-1517842989335-1:1:1:1:1
java.lang.ArithmeticException: / by zero
	at cn.MQ.test.QueueTest$2.onMessage(QueueTest.java:138)
	at org.apache.activemq.ActiveMQMessageConsumer.dispatch(ActiveMQMessageConsumer.java:1394)
	at org.apache.activemq.ActiveMQSessionExecutor.dispatch(ActiveMQSessionExecutor.java:131)
	at org.apache.activemq.ActiveMQSessionExecutor.iterate(ActiveMQSessionExecutor.java:202)
	at org.apache.activemq.thread.PooledTaskRunner.runTask(PooledTaskRunner.java:133)
	at org.apache.activemq.thread.PooledTaskRunner$1.run(PooledTaskRunner.java:48)
	at java.util.concurrent.ThreadPoolExecutor.runWorker(ThreadPoolExecutor.java:1145)
	at java.util.concurrent.ThreadPoolExecutor$Worker.run(ThreadPoolExecutor.java:615)
	at java.lang.Thread.run(Thread.java:745)
2018-02-05 23:05:59,742 1      [ Session Task-1] ERROR tivemq.ActiveMQMessageConsumer  - ID:CB-PC-58949-1517843159577-1:1:1:1 Exception while processing message: ID:CB-PC-58939-1517842989335-1:1:1:1:1
java.lang.ArithmeticException: / by zero
	at cn.MQ.test.QueueTest$2.onMessage(QueueTest.java:137)
	at org.apache.activemq.ActiveMQMessageConsumer.dispatch(ActiveMQMessageConsumer.java:1394)
	at org.apache.activemq.ActiveMQSessionExecutor.dispatch(ActiveMQSessionExecutor.java:131)
	at org.apache.activemq.ActiveMQSessionExecutor.iterate(ActiveMQSessionExecutor.java:202)
	at org.apache.activemq.thread.PooledTaskRunner.runTask(PooledTaskRunner.java:133)
	at org.apache.activemq.thread.PooledTaskRunner$1.run(PooledTaskRunner.java:48)
	at java.util.concurrent.ThreadPoolExecutor.runWorker(ThreadPoolExecutor.java:1145)
	at java.util.concurrent.ThreadPoolExecutor$Worker.run(ThreadPoolExecutor.java:615)
	at java.lang.Thread.run(Thread.java:745)
2018-02-05 23:18:35,533 1      [ Session Task-1] ERROR tivemq.ActiveMQMessageConsumer  - ID:CB-PC-58996-1517843895583-1:1:1:1 Exception while processing message: ID:CB-PC-59001-1517843915355-1:1:1:1:1
java.lang.ArithmeticException: / by zero
	at cn.MQ.test.QueueTest$2.onMessage(QueueTest.java:137)
	at org.apache.activemq.ActiveMQMessageConsumer.dispatch(ActiveMQMessageConsumer.java:1394)
	at org.apache.activemq.ActiveMQSessionExecutor.dispatch(ActiveMQSessionExecutor.java:131)
	at org.apache.activemq.ActiveMQSessionExecutor.iterate(ActiveMQSessionExecutor.java:202)
	at org.apache.activemq.thread.PooledTaskRunner.runTask(PooledTaskRunner.java:133)
	at org.apache.activemq.thread.PooledTaskRunner$1.run(PooledTaskRunner.java:48)
	at java.util.concurrent.ThreadPoolExecutor.runWorker(ThreadPoolExecutor.java:1145)
	at java.util.concurrent.ThreadPoolExecutor$Worker.run(ThreadPoolExecutor.java:615)
	at java.lang.Thread.run(Thread.java:745)
2018-02-05 23:21:27,577 1      [ Session Task-1] ERROR tivemq.ActiveMQMessageConsumer  - ID:CB-PC-59022-1517844076176-1:1:1:1 Exception while processing message: ID:CB-PC-59026-1517844087399-1:1:1:1:1
java.lang.ArithmeticException: / by zero
	at cn.MQ.test.QueueTest$2.onMessage(QueueTest.java:137)
	at org.apache.activemq.ActiveMQMessageConsumer.dispatch(ActiveMQMessageConsumer.java:1394)
	at org.apache.activemq.ActiveMQSessionExecutor.dispatch(ActiveMQSessionExecutor.java:131)
	at org.apache.activemq.ActiveMQSessionExecutor.iterate(ActiveMQSessionExecutor.java:202)
	at org.apache.activemq.thread.PooledTaskRunner.runTask(PooledTaskRunner.java:133)
	at org.apache.activemq.thread.PooledTaskRunner$1.run(PooledTaskRunner.java:48)
	at java.util.concurrent.ThreadPoolExecutor.runWorker(ThreadPoolExecutor.java:1145)
	at java.util.concurrent.ThreadPoolExecutor$Worker.run(ThreadPoolExecutor.java:615)
	at java.lang.Thread.run(Thread.java:745)
2018-02-05 23:25:33,782 0      [ Session Task-1] ERROR tivemq.ActiveMQMessageConsumer  - ID:CB-PC-59056-1517844333622-1:1:1:1 Exception while processing message: ID:CB-PC-59026-1517844087399-1:1:1:1:1
java.lang.ArithmeticException: / by zero
	at cn.MQ.test.QueueTest$2.onMessage(QueueTest.java:137)
	at org.apache.activemq.ActiveMQMessageConsumer.dispatch(ActiveMQMessageConsumer.java:1394)
	at org.apache.activemq.ActiveMQSessionExecutor.dispatch(ActiveMQSessionExecutor.java:131)
	at org.apache.activemq.ActiveMQSessionExecutor.iterate(ActiveMQSessionExecutor.java:202)
	at org.apache.activemq.thread.PooledTaskRunner.runTask(PooledTaskRunner.java:133)
	at org.apache.activemq.thread.PooledTaskRunner$1.run(PooledTaskRunner.java:48)
	at java.util.concurrent.ThreadPoolExecutor.runWorker(ThreadPoolExecutor.java:1145)
	at java.util.concurrent.ThreadPoolExecutor$Worker.run(ThreadPoolExecutor.java:615)
	at java.lang.Thread.run(Thread.java:745)
